<?xml version="1.0" encoding="UTF-8"?>
<!-- Generated by org.testng.reporters.JUnitReportReporter -->
<testsuite hostname="YashTandon" failures="0" tests="1" name="Ltdemo.LtExample" time="42.689" errors="0" timestamp="2024-04-26T22:21:10 IST" skipped="0">
  <testcase classname="Ltdemo.LtExample" name="loginTest" time="42.689"/>
</testsuite> <!-- Ltdemo.LtExample -->
